<?xml version="1.0" encoding="UTF-8"?>
<!-- Generated by org.testng.reporters.JUnitXMLReporter -->
<testsuite ignored="0" hostname="LAPTOP-1826LOER" failures="0" tests="3" name="Default test" time="21.096" errors="0" timestamp="2024-02-27T07:55:17 IST">
  <testcase classname="com.ws.tests.TestLoginPage" name="testHomePageTitle" time="0.044"/>
  <testcase classname="com.ws.tests.TestLoginPage" name="testLoginFunction" time="2.515"/>
  <testcase classname="com.ws.tests.TestLoginPage" name="testIsForgotpasswordLinkPresent" time="0.694"/>
</testsuite> <!-- Default test -->
