<?xml version="1.0" encoding="UTF-8"?>
<testng-results ignored="0" total="2" passed="2" failed="0" skipped="0">
  <reporter-output>
  </reporter-output>
  <suite started-at="2024-02-22T08:29:45 IST" name="Default suite" finished-at="2024-02-22T08:30:00 IST" duration-ms="14218">
    <groups>
    </groups>
    <test started-at="2024-02-22T08:29:45 IST" name="Default test" finished-at="2024-02-22T08:30:00 IST" duration-ms="14218">
      <class name="com.ws.tests.TestLoginPage">
        <test-method signature="testHomePageTitle()[pri:1, instance:com.ws.tests.TestLoginPage@46cdf8bd]" started-at="2024-02-22T08:29:45 IST" name="testHomePageTitle" finished-at="2024-02-22T08:29:52 IST" duration-ms="6624" status="PASS">
          <reporter-output>
          </reporter-output>
        </test-method> <!-- testHomePageTitle -->
        <test-method signature="testLoginFunction()[pri:2, instance:com.ws.tests.TestLoginPage@46cdf8bd]" started-at="2024-02-22T08:29:52 IST" name="testLoginFunction" finished-at="2024-02-22T08:30:00 IST" duration-ms="7468" status="PASS">
          <reporter-output>
          </reporter-output>
        </test-method> <!-- testLoginFunction -->
      </class> <!-- com.ws.tests.TestLoginPage -->
    </test> <!-- Default test -->
  </suite> <!-- Default suite -->
</testng-results>
