<?xml version="1.0" encoding="UTF-8"?>
<testng-results ignored="0" total="3" passed="3" failed="0" skipped="0">
  <reporter-output>
  </reporter-output>
  <suite started-at="2024-02-27T07:54:56 IST" name="Default suite" finished-at="2024-02-27T07:55:17 IST" duration-ms="21096">
    <groups>
    </groups>
    <test started-at="2024-02-27T07:54:56 IST" name="Default test" finished-at="2024-02-27T07:55:17 IST" duration-ms="21096">
      <class name="com.ws.tests.TestLoginPage">
        <test-method is-config="true" signature="setUpReport()[pri:0, instance:com.ws.tests.TestLoginPage@28261e8e]" started-at="2024-02-27T07:54:55 IST" name="setUpReport" finished-at="2024-02-27T07:54:56 IST" duration-ms="414" status="PASS">
          <reporter-output>
          </reporter-output>
        </test-method> <!-- setUpReport -->
        <test-method is-config="true" signature="setUp()[pri:0, instance:com.ws.tests.TestLoginPage@28261e8e]" started-at="2024-02-27T07:54:56 IST" name="setUp" finished-at="2024-02-27T07:55:04 IST" duration-ms="8629" status="PASS">
          <reporter-output>
          </reporter-output>
        </test-method> <!-- setUp -->
        <test-method signature="testHomePageTitle()[pri:1, instance:com.ws.tests.TestLoginPage@28261e8e]" started-at="2024-02-27T07:55:04 IST" name="testHomePageTitle" finished-at="2024-02-27T07:55:04 IST" duration-ms="44" status="PASS">
          <reporter-output>
          </reporter-output>
        </test-method> <!-- testHomePageTitle -->
        <test-method is-config="true" signature="tearDown()[pri:0, instance:com.ws.tests.TestLoginPage@28261e8e]" started-at="2024-02-27T07:55:04 IST" name="tearDown" finished-at="2024-02-27T07:55:05 IST" duration-ms="837" status="PASS">
          <reporter-output>
          </reporter-output>
        </test-method> <!-- tearDown -->
        <test-method is-config="true" signature="setUp()[pri:0, instance:com.ws.tests.TestLoginPage@28261e8e]" started-at="2024-02-27T07:55:05 IST" name="setUp" finished-at="2024-02-27T07:55:09 IST" duration-ms="3848" status="PASS">
          <reporter-output>
          </reporter-output>
        </test-method> <!-- setUp -->
        <test-method signature="testLoginFunction()[pri:2, instance:com.ws.tests.TestLoginPage@28261e8e]" started-at="2024-02-27T07:55:09 IST" name="testLoginFunction" finished-at="2024-02-27T07:55:12 IST" duration-ms="2515" status="PASS">
          <reporter-output>
          </reporter-output>
        </test-method> <!-- testLoginFunction -->
        <test-method is-config="true" signature="tearDown()[pri:0, instance:com.ws.tests.TestLoginPage@28261e8e]" started-at="2024-02-27T07:55:12 IST" name="tearDown" finished-at="2024-02-27T07:55:12 IST" duration-ms="262" status="PASS">
          <reporter-output>
          </reporter-output>
        </test-method> <!-- tearDown -->
        <test-method is-config="true" signature="setUp()[pri:0, instance:com.ws.tests.TestLoginPage@28261e8e]" started-at="2024-02-27T07:55:12 IST" name="setUp" finished-at="2024-02-27T07:55:16 IST" duration-ms="3900" status="PASS">
          <reporter-output>
          </reporter-output>
        </test-method> <!-- setUp -->
        <test-method signature="testIsForgotpasswordLinkPresent()[pri:3, instance:com.ws.tests.TestLoginPage@28261e8e]" started-at="2024-02-27T07:55:16 IST" name="testIsForgotpasswordLinkPresent" finished-at="2024-02-27T07:55:16 IST" duration-ms="694" status="PASS">
          <reporter-output>
          </reporter-output>
        </test-method> <!-- testIsForgotpasswordLinkPresent -->
        <test-method is-config="true" signature="tearDown()[pri:0, instance:com.ws.tests.TestLoginPage@28261e8e]" started-at="2024-02-27T07:55:16 IST" name="tearDown" finished-at="2024-02-27T07:55:17 IST" duration-ms="301" status="PASS">
          <reporter-output>
          </reporter-output>
        </test-method> <!-- tearDown -->
      </class> <!-- com.ws.tests.TestLoginPage -->
    </test> <!-- Default test -->
  </suite> <!-- Default suite -->
</testng-results>
